<?xml version="1.0" encoding="UTF-8"?>
<testng-results ignored="0" total="4" passed="3" failed="1" skipped="0">
  <reporter-output>
  </reporter-output>
  <suite started-at="2019-02-08T18:51:36Z" name="Default suite" finished-at="2019-02-08T18:52:38Z" duration-ms="62323">
    <groups>
    </groups>
    <test started-at="2019-02-08T18:51:36Z" name="Default test" finished-at="2019-02-08T18:52:38Z" duration-ms="62323">
      <class name="com.valentine.qa.test.HomePageTest">
        <test-method is-config="true" signature="setUp()[pri:0, instance:com.valentine.qa.test.HomePageTest@69fb6037]" started-at="2019-02-08T18:51:36Z" name="setUp" finished-at="2019-02-08T18:51:52Z" duration-ms="16196" status="PASS">
          <reporter-output>
          </reporter-output>
        </test-method> <!-- setUp -->
        <test-method signature="copyRightOwnerTest()[pri:0, instance:com.valentine.qa.test.HomePageTest@69fb6037]" started-at="2019-02-08T18:51:52Z" name="copyRightOwnerTest" finished-at="2019-02-08T18:51:53Z" duration-ms="160" status="PASS">
          <reporter-output>
          </reporter-output>
        </test-method> <!-- copyRightOwnerTest -->
        <test-method is-config="true" signature="tearDown()[pri:0, instance:com.valentine.qa.test.HomePageTest@69fb6037]" started-at="2019-02-08T18:51:53Z" name="tearDown" finished-at="2019-02-08T18:51:54Z" duration-ms="1202" status="PASS">
          <reporter-output>
          </reporter-output>
        </test-method> <!-- tearDown -->
        <test-method is-config="true" signature="setUp()[pri:0, instance:com.valentine.qa.test.HomePageTest@69fb6037]" started-at="2019-02-08T18:51:54Z" name="setUp" finished-at="2019-02-08T18:52:05Z" duration-ms="11044" status="PASS">
          <reporter-output>
          </reporter-output>
        </test-method> <!-- setUp -->
        <test-method signature="homePageTitleTest()[pri:0, instance:com.valentine.qa.test.HomePageTest@69fb6037]" started-at="2019-02-08T18:52:05Z" name="homePageTitleTest" finished-at="2019-02-08T18:52:05Z" duration-ms="12" status="FAIL">
          <exception class="java.lang.AssertionError">
            <message>
              <![CDATA[expected [Valentine's Day Cards | Please your loved ones with a card this year!!] but found [Valentine's Day Cards | Please your loved ones with a card this year!]]]>
            </message>
            <full-stacktrace>
              <![CDATA[java.lang.AssertionError: expected [Valentine's Day Cards | Please your loved ones with a card this year!!] but found [Valentine's Day Cards | Please your loved ones with a card this year!]
at org.testng.Assert.fail(Assert.java:96)
at org.testng.Assert.failNotEquals(Assert.java:776)
at org.testng.Assert.assertEqualsImpl(Assert.java:137)
at org.testng.Assert.assertEquals(Assert.java:118)
at org.testng.Assert.assertEquals(Assert.java:453)
at org.testng.Assert.assertEquals(Assert.java:463)
at com.valentine.qa.test.HomePageTest.homePageTitleTest(HomePageTest.java:29)
at java.base/jdk.internal.reflect.NativeMethodAccessorImpl.invoke0(Native Method)
at java.base/jdk.internal.reflect.NativeMethodAccessorImpl.invoke(NativeMethodAccessorImpl.java:62)
at java.base/jdk.internal.reflect.DelegatingMethodAccessorImpl.invoke(DelegatingMethodAccessorImpl.java:43)
at java.base/java.lang.reflect.Method.invoke(Method.java:564)
at org.testng.internal.MethodInvocationHelper.invokeMethod(MethodInvocationHelper.java:124)
at org.testng.internal.Invoker.invokeMethod(Invoker.java:583)
at org.testng.internal.Invoker.invokeTestMethod(Invoker.java:719)
at org.testng.internal.Invoker.invokeTestMethods(Invoker.java:989)
at org.testng.internal.TestMethodWorker.invokeTestMethods(TestMethodWorker.java:125)
at org.testng.internal.TestMethodWorker.run(TestMethodWorker.java:109)
at org.testng.TestRunner.privateRun(TestRunner.java:648)
at org.testng.TestRunner.run(TestRunner.java:505)
at org.testng.SuiteRunner.runTest(SuiteRunner.java:455)
at org.testng.SuiteRunner.runSequentially(SuiteRunner.java:450)
at org.testng.SuiteRunner.privateRun(SuiteRunner.java:415)
at org.testng.SuiteRunner.run(SuiteRunner.java:364)
at org.testng.SuiteRunnerWorker.runSuite(SuiteRunnerWorker.java:52)
at org.testng.SuiteRunnerWorker.run(SuiteRunnerWorker.java:84)
at org.testng.TestNG.runSuitesSequentially(TestNG.java:1208)
at org.testng.TestNG.runSuitesLocally(TestNG.java:1137)
at org.testng.TestNG.runSuites(TestNG.java:1049)
at org.testng.TestNG.run(TestNG.java:1017)
at org.testng.remote.AbstractRemoteTestNG.run(AbstractRemoteTestNG.java:114)
at org.testng.remote.RemoteTestNG.initAndRun(RemoteTestNG.java:251)
at org.testng.remote.RemoteTestNG.main(RemoteTestNG.java:77)
]]>
            </full-stacktrace>
          </exception> <!-- java.lang.AssertionError -->
          <reporter-output>
          </reporter-output>
        </test-method> <!-- homePageTitleTest -->
        <test-method is-config="true" signature="tearDown()[pri:0, instance:com.valentine.qa.test.HomePageTest@69fb6037]" started-at="2019-02-08T18:52:05Z" name="tearDown" finished-at="2019-02-08T18:52:06Z" duration-ms="1075" status="PASS">
          <reporter-output>
          </reporter-output>
        </test-method> <!-- tearDown -->
        <test-method is-config="true" signature="setUp()[pri:0, instance:com.valentine.qa.test.HomePageTest@69fb6037]" started-at="2019-02-08T18:52:06Z" name="setUp" finished-at="2019-02-08T18:52:18Z" duration-ms="12352" status="PASS">
          <reporter-output>
          </reporter-output>
        </test-method> <!-- setUp -->
        <test-method signature="homePageLogoTest()[pri:1, instance:com.valentine.qa.test.HomePageTest@69fb6037]" started-at="2019-02-08T18:52:18Z" name="homePageLogoTest" finished-at="2019-02-08T18:52:18Z" duration-ms="90" status="PASS">
          <reporter-output>
          </reporter-output>
        </test-method> <!-- homePageLogoTest -->
        <test-method is-config="true" signature="tearDown()[pri:0, instance:com.valentine.qa.test.HomePageTest@69fb6037]" started-at="2019-02-08T18:52:18Z" name="tearDown" finished-at="2019-02-08T18:52:20Z" duration-ms="1177" status="PASS">
          <reporter-output>
          </reporter-output>
        </test-method> <!-- tearDown -->
        <test-method is-config="true" signature="setUp()[pri:0, instance:com.valentine.qa.test.HomePageTest@69fb6037]" started-at="2019-02-08T18:52:20Z" name="setUp" finished-at="2019-02-08T18:52:33Z" duration-ms="13035" status="PASS">
          <reporter-output>
          </reporter-output>
        </test-method> <!-- setUp -->
        <test-method signature="homePageHeaderCodeBtnClickTest()[pri:2, instance:com.valentine.qa.test.HomePageTest@69fb6037]" started-at="2019-02-08T18:52:33Z" name="homePageHeaderCodeBtnClickTest" finished-at="2019-02-08T18:52:35Z" duration-ms="2907" status="PASS">
          <reporter-output>
          </reporter-output>
        </test-method> <!-- homePageHeaderCodeBtnClickTest -->
        <test-method is-config="true" signature="tearDown()[pri:0, instance:com.valentine.qa.test.HomePageTest@69fb6037]" started-at="2019-02-08T18:52:35Z" name="tearDown" finished-at="2019-02-08T18:52:38Z" duration-ms="2993" status="PASS">
          <reporter-output>
          </reporter-output>
        </test-method> <!-- tearDown -->
      </class> <!-- com.valentine.qa.test.HomePageTest -->
    </test> <!-- Default test -->
  </suite> <!-- Default suite -->
</testng-results>
